/home/zlove/botFire/Autobot/robot_killer/install/robot_killer/lib/python3.12/site-packages/robot_killer/my_node.py
/home/zlove/botFire/Autobot/robot_killer/install/robot_killer/lib/python3.12/site-packages/robot_killer/__init__.py
/home/zlove/botFire/Autobot/robot_killer/install/robot_killer/lib/python3.12/site-packages/robot_killer/__pycache__/my_node.cpython-312.pyc
/home/zlove/botFire/Autobot/robot_killer/install/robot_killer/lib/python3.12/site-packages/robot_killer/__pycache__/__init__.cpython-312.pyc
/home/zlove/botFire/Autobot/robot_killer/install/robot_killer/share/ament_index/resource_index/packages/robot_killer
/home/zlove/botFire/Autobot/robot_killer/install/robot_killer/share/robot_killer/package.xml
/home/zlove/botFire/Autobot/robot_killer/install/robot_killer/share/robot_killer/launch/lidar.launch.py
/home/zlove/botFire/Autobot/robot_killer/install/robot_killer/share/robot_killer/launch/navigation.launch.py
/home/zlove/botFire/Autobot/robot_killer/install/robot_killer/share/robot_killer/launch/round1.launch.py
/home/zlove/botFire/Autobot/robot_killer/install/robot_killer/share/robot_killer/launch/twist_to_ackermann.launch.py
/home/zlove/botFire/Autobot/robot_killer/install/robot_killer/share/robot_killer/launch/bno055.launch.py
/home/zlove/botFire/Autobot/robot_killer/install/robot_killer/share/robot_killer/launch/rviz.launch.py
/home/zlove/botFire/Autobot/robot_killer/install/robot_killer/share/robot_killer/launch/slam.launch.py
/home/zlove/botFire/Autobot/robot_killer/install/robot_killer/share/robot_killer/launch/robot_state_publisher.launch.py
/home/zlove/botFire/Autobot/robot_killer/install/robot_killer/share/robot_killer/config/slam_params.yaml
/home/zlove/botFire/Autobot/robot_killer/install/robot_killer/share/robot_killer/config/twist_to_ackermann_params.yaml
/home/zlove/botFire/Autobot/robot_killer/install/robot_killer/share/robot_killer/config/nav2_params.yaml
/home/zlove/botFire/Autobot/robot_killer/install/robot_killer/lib/python3.12/site-packages/robot_killer-0.0.1-py3.12.egg-info/requires.txt
/home/zlove/botFire/Autobot/robot_killer/install/robot_killer/lib/python3.12/site-packages/robot_killer-0.0.1-py3.12.egg-info/SOURCES.txt
/home/zlove/botFire/Autobot/robot_killer/install/robot_killer/lib/python3.12/site-packages/robot_killer-0.0.1-py3.12.egg-info/zip-safe
/home/zlove/botFire/Autobot/robot_killer/install/robot_killer/lib/python3.12/site-packages/robot_killer-0.0.1-py3.12.egg-info/PKG-INFO
/home/zlove/botFire/Autobot/robot_killer/install/robot_killer/lib/python3.12/site-packages/robot_killer-0.0.1-py3.12.egg-info/dependency_links.txt
/home/zlove/botFire/Autobot/robot_killer/install/robot_killer/lib/python3.12/site-packages/robot_killer-0.0.1-py3.12.egg-info/top_level.txt
