[0.344s] DEBUG:colcon:Command line arguments: ['/usr/bin/colcon', 'build', '--packages-select', 'robot_killer']
[0.344s] DEBUG:colcon:Parsed command line arguments: Namespace(log_base=None, log_level=None, verb_name='build', build_base='build', install_base='install', merge_install=False, symlink_install=False, test_result_base=None, continue_on_error=False, executor='parallel', parallel_workers=6, event_handlers=None, ignore_user_meta=False, metas=['./colcon.meta'], base_paths=['.'], packages_ignore=None, packages_ignore_regex=None, paths=None, packages_up_to=None, packages_up_to_regex=None, packages_above=None, packages_above_and_dependencies=None, packages_above_depth=None, packages_select_by_dep=None, packages_skip_by_dep=None, packages_skip_up_to=None, packages_select_build_failed=False, packages_skip_build_finished=False, packages_select_test_failures=False, packages_skip_test_passed=False, packages_select=['robot_killer'], packages_skip=None, packages_select_regex=None, packages_skip_regex=None, packages_start=None, packages_end=None, allow_overriding=[], cmake_args=None, cmake_target=None, cmake_target_skip_unavailable=False, cmake_clean_cache=False, cmake_clean_first=False, cmake_force_configure=False, ament_cmake_args=None, catkin_cmake_args=None, catkin_skip_building_tests=False, mixin_files=None, mixin=None, verb_parser=<colcon_mixin.mixin.mixin_argument.MixinArgumentDecorator object at 0x763626e8c9b0>, verb_extension=<colcon_core.verb.build.BuildVerb object at 0x763626e8c5f0>, main=<bound method BuildVerb.main of <colcon_core.verb.build.BuildVerb object at 0x763626e8c5f0>>, mixin_verb=('build',))
[0.474s] Level 1:colcon.colcon_core.package_discovery:discover_packages(colcon_meta) check parameters
[0.474s] Level 1:colcon.colcon_core.package_discovery:discover_packages(recursive) check parameters
[0.474s] Level 1:colcon.colcon_core.package_discovery:discover_packages(ignore) check parameters
[0.474s] Level 1:colcon.colcon_core.package_discovery:discover_packages(path) check parameters
[0.474s] Level 1:colcon.colcon_core.package_discovery:discover_packages(colcon_meta) discover
[0.474s] Level 1:colcon.colcon_core.package_discovery:discover_packages(recursive) discover
[0.474s] INFO:colcon.colcon_core.package_discovery:Crawling recursively for packages in '/home/zlove/botFire/Autobot/robot_killer'
[0.474s] Level 1:colcon.colcon_core.package_identification:_identify(.) by extensions ['ignore', 'ignore_ament_install']
[0.475s] Level 1:colcon.colcon_core.package_identification:_identify(.) by extension 'ignore'
[0.475s] Level 1:colcon.colcon_core.package_identification:_identify(.) by extension 'ignore_ament_install'
[0.475s] Level 1:colcon.colcon_core.package_identification:_identify(.) by extensions ['colcon_pkg']
[0.475s] Level 1:colcon.colcon_core.package_identification:_identify(.) by extension 'colcon_pkg'
[0.475s] Level 1:colcon.colcon_core.package_identification:_identify(.) by extensions ['colcon_meta']
[0.475s] Level 1:colcon.colcon_core.package_identification:_identify(.) by extension 'colcon_meta'
[0.475s] Level 1:colcon.colcon_core.package_identification:_identify(.) by extensions ['ros']
[0.475s] Level 1:colcon.colcon_core.package_identification:_identify(.) by extension 'ros'
[0.525s] DEBUG:colcon.colcon_core.package_identification:Package '.' with type 'ros.ament_python' and name 'robot_killer'
[0.525s] Level 1:colcon.colcon_core.package_discovery:discover_packages(recursive) using defaults
[0.526s] Level 1:colcon.colcon_core.package_discovery:discover_packages(ignore) discover
[0.526s] Level 1:colcon.colcon_core.package_discovery:discover_packages(ignore) using defaults
[0.526s] Level 1:colcon.colcon_core.package_discovery:discover_packages(path) discover
[0.526s] Level 1:colcon.colcon_core.package_discovery:discover_packages(path) using defaults
[0.560s] Level 1:colcon.colcon_core.package_discovery:discover_packages(prefix_path) check parameters
[0.560s] Level 1:colcon.colcon_core.package_discovery:discover_packages(prefix_path) discover
[0.569s] DEBUG:colcon.colcon_installed_package_information.package_discovery:Found 4 installed packages in /home/zlove/botFire/Autobot/install
[0.570s] DEBUG:colcon.colcon_installed_package_information.package_discovery:Found 3 installed packages in /home/zlove/ros2_ws/install
[0.575s] DEBUG:colcon.colcon_installed_package_information.package_discovery:Found 386 installed packages in /opt/ros/jazzy
[0.578s] Level 1:colcon.colcon_core.package_discovery:discover_packages(prefix_path) using defaults
[0.719s] Level 5:colcon.colcon_core.verb:set package 'robot_killer' build argument 'cmake_args' from command line to 'None'
[0.719s] Level 5:colcon.colcon_core.verb:set package 'robot_killer' build argument 'cmake_target' from command line to 'None'
[0.719s] Level 5:colcon.colcon_core.verb:set package 'robot_killer' build argument 'cmake_target_skip_unavailable' from command line to 'False'
[0.719s] Level 5:colcon.colcon_core.verb:set package 'robot_killer' build argument 'cmake_clean_cache' from command line to 'False'
[0.719s] Level 5:colcon.colcon_core.verb:set package 'robot_killer' build argument 'cmake_clean_first' from command line to 'False'
[0.719s] Level 5:colcon.colcon_core.verb:set package 'robot_killer' build argument 'cmake_force_configure' from command line to 'False'
[0.719s] Level 5:colcon.colcon_core.verb:set package 'robot_killer' build argument 'ament_cmake_args' from command line to 'None'
[0.719s] Level 5:colcon.colcon_core.verb:set package 'robot_killer' build argument 'catkin_cmake_args' from command line to 'None'
[0.719s] Level 5:colcon.colcon_core.verb:set package 'robot_killer' build argument 'catkin_skip_building_tests' from command line to 'False'
[0.719s] DEBUG:colcon.colcon_core.verb:Building package 'robot_killer' with the following arguments: {'ament_cmake_args': None, 'build_base': '/home/zlove/botFire/Autobot/robot_killer/build/robot_killer', 'catkin_cmake_args': None, 'catkin_skip_building_tests': False, 'cmake_args': None, 'cmake_clean_cache': False, 'cmake_clean_first': False, 'cmake_force_configure': False, 'cmake_target': None, 'cmake_target_skip_unavailable': False, 'install_base': '/home/zlove/botFire/Autobot/robot_killer/install/robot_killer', 'merge_install': False, 'path': '/home/zlove/botFire/Autobot/robot_killer', 'symlink_install': False, 'test_result_base': None}
[0.719s] INFO:colcon.colcon_core.executor:Executing jobs using 'parallel' executor
[0.720s] DEBUG:colcon.colcon_parallel_executor.executor.parallel:run_until_complete
[0.721s] INFO:colcon.colcon_ros.task.ament_python.build:Building ROS package in '/home/zlove/botFire/Autobot/robot_killer' with build type 'ament_python'
[0.721s] Level 1:colcon.colcon_core.shell:create_environment_hook('robot_killer', 'ament_prefix_path')
[0.728s] INFO:colcon.colcon_core.plugin_system:Skipping extension 'colcon_core.shell.bat': Not used on non-Windows systems
[0.728s] INFO:colcon.colcon_core.shell:Creating environment hook '/home/zlove/botFire/Autobot/robot_killer/install/robot_killer/share/robot_killer/hook/ament_prefix_path.ps1'
[0.729s] INFO:colcon.colcon_core.shell:Creating environment descriptor '/home/zlove/botFire/Autobot/robot_killer/install/robot_killer/share/robot_killer/hook/ament_prefix_path.dsv'
[0.730s] INFO:colcon.colcon_core.shell:Creating environment hook '/home/zlove/botFire/Autobot/robot_killer/install/robot_killer/share/robot_killer/hook/ament_prefix_path.sh'
[0.732s] INFO:colcon.colcon_core.shell:Skip shell extension 'powershell' for command environment: Not usable outside of PowerShell
[0.732s] DEBUG:colcon.colcon_core.shell:Skip shell extension 'dsv' for command environment
[1.339s] INFO:colcon.colcon_core.task.python.build:Building Python package in '/home/zlove/botFire/Autobot/robot_killer'
[1.340s] INFO:colcon.colcon_core.shell:Skip shell extension 'powershell' for command environment: Not usable outside of PowerShell
[1.340s] DEBUG:colcon.colcon_core.shell:Skip shell extension 'dsv' for command environment
[2.900s] DEBUG:colcon.colcon_core.event_handler.log_command:Invoking command in '/home/zlove/botFire/Autobot/robot_killer': DEBUGINFOD_URLS=https://debuginfod.ubuntu.com PYTHONPATH=/home/zlove/botFire/Autobot/robot_killer/build/robot_killer/prefix_override:/usr/lib/python3/dist-packages/colcon_core/task/python/colcon_distutils_commands:/home/zlove/botFire/Autobot/robot_killer/install/robot_killer/lib/python3.12/site-packages:${PYTHONPATH} /usr/bin/python3 -W ignore:setup.py install is deprecated -W ignore:easy_install command is deprecated setup.py egg_info --egg-base build/robot_killer build --build-base /home/zlove/botFire/Autobot/robot_killer/build/robot_killer/build install --record /home/zlove/botFire/Autobot/robot_killer/build/robot_killer/install.log --single-version-externally-managed install_data
[3.919s] DEBUG:colcon.colcon_core.event_handler.log_command:Invoked command in '/home/zlove/botFire/Autobot/robot_killer' returned '0': DEBUGINFOD_URLS=https://debuginfod.ubuntu.com PYTHONPATH=/home/zlove/botFire/Autobot/robot_killer/build/robot_killer/prefix_override:/usr/lib/python3/dist-packages/colcon_core/task/python/colcon_distutils_commands:/home/zlove/botFire/Autobot/robot_killer/install/robot_killer/lib/python3.12/site-packages:${PYTHONPATH} /usr/bin/python3 -W ignore:setup.py install is deprecated -W ignore:easy_install command is deprecated setup.py egg_info --egg-base build/robot_killer build --build-base /home/zlove/botFire/Autobot/robot_killer/build/robot_killer/build install --record /home/zlove/botFire/Autobot/robot_killer/build/robot_killer/install.log --single-version-externally-managed install_data
[3.927s] Level 1:colcon.colcon_core.environment:checking '/home/zlove/botFire/Autobot/robot_killer/install/robot_killer' for CMake module files
[3.927s] Level 1:colcon.colcon_core.environment:checking '/home/zlove/botFire/Autobot/robot_killer/install/robot_killer' for CMake config files
[3.928s] Level 1:colcon.colcon_core.environment:checking '/home/zlove/botFire/Autobot/robot_killer/install/robot_killer/lib'
[3.928s] Level 1:colcon.colcon_core.environment:checking '/home/zlove/botFire/Autobot/robot_killer/install/robot_killer/bin'
[3.928s] Level 1:colcon.colcon_core.environment:checking '/home/zlove/botFire/Autobot/robot_killer/install/robot_killer/lib/pkgconfig/robot_killer.pc'
[3.929s] Level 1:colcon.colcon_core.environment:checking '/home/zlove/botFire/Autobot/robot_killer/install/robot_killer/lib/python3.12/site-packages'
[3.929s] Level 1:colcon.colcon_core.shell:create_environment_hook('robot_killer', 'pythonpath')
[3.929s] INFO:colcon.colcon_core.shell:Creating environment hook '/home/zlove/botFire/Autobot/robot_killer/install/robot_killer/share/robot_killer/hook/pythonpath.ps1'
[3.930s] INFO:colcon.colcon_core.shell:Creating environment descriptor '/home/zlove/botFire/Autobot/robot_killer/install/robot_killer/share/robot_killer/hook/pythonpath.dsv'
[3.930s] INFO:colcon.colcon_core.shell:Creating environment hook '/home/zlove/botFire/Autobot/robot_killer/install/robot_killer/share/robot_killer/hook/pythonpath.sh'
[3.931s] Level 1:colcon.colcon_core.environment:checking '/home/zlove/botFire/Autobot/robot_killer/install/robot_killer/bin'
[3.931s] Level 1:colcon.colcon_core.environment:create_environment_scripts_only(robot_killer)
[3.931s] INFO:colcon.colcon_core.shell:Creating package script '/home/zlove/botFire/Autobot/robot_killer/install/robot_killer/share/robot_killer/package.ps1'
[3.932s] INFO:colcon.colcon_core.shell:Creating package descriptor '/home/zlove/botFire/Autobot/robot_killer/install/robot_killer/share/robot_killer/package.dsv'
[3.933s] INFO:colcon.colcon_core.shell:Creating package script '/home/zlove/botFire/Autobot/robot_killer/install/robot_killer/share/robot_killer/package.sh'
[3.934s] INFO:colcon.colcon_core.shell:Creating package script '/home/zlove/botFire/Autobot/robot_killer/install/robot_killer/share/robot_killer/package.bash'
[3.935s] INFO:colcon.colcon_core.shell:Creating package script '/home/zlove/botFire/Autobot/robot_killer/install/robot_killer/share/robot_killer/package.zsh'
[3.936s] Level 1:colcon.colcon_core.environment:create_file_with_runtime_dependencies(/home/zlove/botFire/Autobot/robot_killer/install/robot_killer/share/colcon-core/packages/robot_killer)
[3.937s] DEBUG:colcon.colcon_parallel_executor.executor.parallel:closing loop
[3.937s] DEBUG:colcon.colcon_parallel_executor.executor.parallel:loop closed
[3.937s] DEBUG:colcon.colcon_parallel_executor.executor.parallel:run_until_complete finished with '0'
[3.938s] DEBUG:colcon.colcon_core.event_reactor:joining thread
[3.961s] INFO:colcon.colcon_core.plugin_system:Skipping extension 'colcon_notification.desktop_notification.terminal_notifier': Not used on non-Darwin systems
[3.961s] INFO:colcon.colcon_core.plugin_system:Skipping extension 'colcon_notification.desktop_notification.win32': Not used on non-Windows systems
[3.961s] INFO:colcon.colcon_notification.desktop_notification:Sending desktop notification using 'notify2'
[4.072s] DEBUG:colcon.colcon_core.event_reactor:joined thread
[4.073s] INFO:colcon.colcon_core.shell:Creating prefix script '/home/zlove/botFire/Autobot/robot_killer/install/local_setup.ps1'
[4.075s] INFO:colcon.colcon_core.shell:Creating prefix util module '/home/zlove/botFire/Autobot/robot_killer/install/_local_setup_util_ps1.py'
[4.077s] INFO:colcon.colcon_core.shell:Creating prefix chain script '/home/zlove/botFire/Autobot/robot_killer/install/setup.ps1'
[4.080s] INFO:colcon.colcon_core.shell:Creating prefix script '/home/zlove/botFire/Autobot/robot_killer/install/local_setup.sh'
[4.083s] INFO:colcon.colcon_core.shell:Creating prefix util module '/home/zlove/botFire/Autobot/robot_killer/install/_local_setup_util_sh.py'
[4.084s] INFO:colcon.colcon_core.shell:Creating prefix chain script '/home/zlove/botFire/Autobot/robot_killer/install/setup.sh'
[4.087s] INFO:colcon.colcon_core.shell:Creating prefix script '/home/zlove/botFire/Autobot/robot_killer/install/local_setup.bash'
[4.089s] INFO:colcon.colcon_core.shell:Creating prefix chain script '/home/zlove/botFire/Autobot/robot_killer/install/setup.bash'
[4.092s] INFO:colcon.colcon_core.shell:Creating prefix script '/home/zlove/botFire/Autobot/robot_killer/install/local_setup.zsh'
[4.094s] INFO:colcon.colcon_core.shell:Creating prefix chain script '/home/zlove/botFire/Autobot/robot_killer/install/setup.zsh'
